[0m[[0minfo[0m] [0mLoading project definition from /Users/jeffrey/Projects/jvm/chess/project[0m
[0m[[0minfo[0m] [0mSet current project to chess (in build file:/Users/jeffrey/Projects/jvm/chess/)[0m
> run
[0m[[0minfo[0m] [0mRunning com.olchovy.chess.cli.Application [0m
Beginning a game of two-player chess. Type 'help' for more information.

    a  b  c  d  e  f  g  h 

8   r  n  b  q  k  b  n  r   8
7   p  p  p  p  p  p  p  p   7
6                            6
5                            5
4                            4
3                            3
2   P  P  P  P  P  P  P  P   2
1   R  N  B  Q  K  B  N  R   1

    a  b  c  d  e  f  g  h 

[[33mnotice[0m] White's move.
> f[3G[Khelp
Play chess by typing a command at the prompt.

Navigate the board by using the alphanumeric coordinates.
White pieces are located at the bottom of the board, black are up top.
White pieces are capitalized.
White goes first.
      
Available commands are:
      
  h, help               - display this message
  m, move <from> <to>   - move a piece from <from> to <to>, e.g. m d2 d4
  p, print              - redraw the board to the console
  q, quit               - exit the program

NOTE: Since players will primarily be moving pieces, typing 'm' or 'move' before piece coordinates is optional.

    a  b  c  d  e  f  g  h 

8   r  n  b  q  k  b  n  r   8
7   p  p  p  p  p  p  p  p   7
6                            6
5                            5
4                            4
3                            3
2   P  P  P  P  P  P  P  P   2
1   R  N  B  Q  K  B  N  R   1

    a  b  c  d  e  f  g  h 

[[33mnotice[0m] White's move.
> f2 f3

    a  b  c  d  e  f  g  h 

8   r  n  b  q  k  b  n  r   8
7   p  p  p  p  p  p  p  p   7
6                            6
5                            5
4                            4
3                  P         3
2   P  P  P  P  P     P  P   2
1   R  N  B  Q  K  B  N  R   1

    a  b  c  d  e  f  g  h 

[[33mnotice[0m] Black's move.
> e7 e5

    a  b  c  d  e  f  g  h 

8   r  n  b  q  k  b  n  r   8
7   p  p  p  p     p  p  p   7
6                            6
5               p            5
4                            4
3                  P         3
2   P  P  P  P  P     P  P   2
1   R  N  B  Q  K  B  N  R   1

    a  b  c  d  e  f  g  h 

[[33mnotice[0m] White's move.
> g2 g4

    a  b  c  d  e  f  g  h 

8   r  n  b  q  k  b  n  r   8
7   p  p  p  p     p  p  p   7
6                            6
5               p            5
4                     P      4
3                  P         3
2   P  P  P  P  P        P   2
1   R  N  B  Q  K  B  N  R   1

    a  b  c  d  e  f  g  h 

[[33mnotice[0m] Black's move.
> d8 h4
[[33mnotice[0m] White is in check.

    a  b  c  d  e  f  g  h 

8   r  n  b     k  b  n  r   8
7   p  p  p  p     p  p  p   7
6                            6
5               p            5
4                     P  q   4
3                  P         3
2   P  P  P  P  P        P   2
1   R  N  B  Q  K  B  N  R   1

    a  b  c  d  e  f  g  h 

[[32msuccess[0m] Checkmate. Black wins.
[0m[[32msuccess[0m] [0mTotal time: 51 s, completed Sep 11, 2012 11:41:22 AM[0m
> exit
